<?xml version="1.0" encoding="UTF-8"?>
<!-- Generated by org.testng.reporters.JUnitReportReporter -->
<testsuite hostname="LAPTOP-KML8CLSB" failures="0" tests="1" name="com.picnic.maven.verifyLogin" time="84.195" errors="0" timestamp="2021-09-15T13:43:26 IST" skipped="0">
  <testcase classname="com.picnic.maven.verifyLogin" name="verifyValidLogin" time="84.195"/>
  <system-out/>
</testsuite> <!-- com.picnic.maven.verifyLogin -->
